<?xml version="1.0" encoding="UTF-8"?>
<testsuite name="Compra de productos en Almacen Exito" tests="1" skipped="0" failures="0" errors="0" timestamp="2023-03-30T18:09:12" hostname="JUANDAVIDPC" time="30.648">
  <properties/>
  <testcase name="Compra de el producto mas barato" classname="Compra de productos en Almacen Exito" time="30.648"/>
  <system-out><![CDATA[2023-03-30 13:09:15 INFO  FlujoCompraStepDefinitions:36 Inicio de la Automatizacion
]]></system-out>
  <system-err><![CDATA[Starting ChromeDriver 111.0.5563.64 (c710e93d5b63b7095afe8c2c17df34408078439d-refs/branch-heads/5563@{#995}) on port 34508
Only local connections are allowed.
Please see https://chromedriver.chromium.org/security-considerations for suggestions on keeping ChromeDriver safe.
ChromeDriver was started successfully.
mar 30, 2023 1:09:13 P. M. org.openqa.selenium.remote.ProtocolHandshake createSession
INFORMACIÓN: Detected dialect: W3C
mar 30, 2023 1:09:13 P. M. org.openqa.selenium.remote.DesiredCapabilities chrome
INFORMACIÓN: Using `new ChromeOptions()` is preferred to `DesiredCapabilities.chrome()`
Starting ChromeDriver 111.0.5563.64 (c710e93d5b63b7095afe8c2c17df34408078439d-refs/branch-heads/5563@{#995}) on port 12350
Only local connections are allowed.
Please see https://chromedriver.chromium.org/security-considerations for suggestions on keeping ChromeDriver safe.
ChromeDriver was started successfully.
mar 30, 2023 1:09:15 P. M. org.openqa.selenium.remote.ProtocolHandshake createSession
INFORMACIÓN: Detected dialect: W3C
]]></system-err>
</testsuite>
