<?xml version="1.0" encoding="UTF-8"?>
<testsuite name="Compra de productos en Almacen Exito" tests="1" skipped="0" failures="0" errors="0" timestamp="2023-04-02T01:25:44" hostname="JUANDAVIDPC" time="50.58">
  <properties/>
  <testcase name="Compra de el producto mas barato" classname="Compra de productos en Almacen Exito" time="50.58"/>
  <system-out><![CDATA[2023-04-01 20:25:49 INFO  FlujoCompraStepDefinitions:40 Inicio de la Automatizacion
]]></system-out>
  <system-err><![CDATA[Starting ChromeDriver 111.0.5563.64 (c710e93d5b63b7095afe8c2c17df34408078439d-refs/branch-heads/5563@{#995}) on port 46891
Only local connections are allowed.
Please see https://chromedriver.chromium.org/security-considerations for suggestions on keeping ChromeDriver safe.
ChromeDriver was started successfully.
abr 01, 2023 8:25:47 P. M. org.openqa.selenium.remote.ProtocolHandshake createSession
INFORMACIÓN: Detected dialect: W3C
abr 01, 2023 8:25:47 P. M. org.openqa.selenium.remote.DesiredCapabilities chrome
INFORMACIÓN: Using `new ChromeOptions()` is preferred to `DesiredCapabilities.chrome()`
Starting ChromeDriver 111.0.5563.64 (c710e93d5b63b7095afe8c2c17df34408078439d-refs/branch-heads/5563@{#995}) on port 48258
Only local connections are allowed.
Please see https://chromedriver.chromium.org/security-considerations for suggestions on keeping ChromeDriver safe.
ChromeDriver was started successfully.
abr 01, 2023 8:25:48 P. M. org.openqa.selenium.remote.ProtocolHandshake createSession
INFORMACIÓN: Detected dialect: W3C
]]></system-err>
</testsuite>
